
ROM used:   350/8192 (4%)
            350/8192 (4%) including unused fragments

            0.5 Average locations per line
            11.7 Average locations per statement

RAM used:   93/368 (25%) at main() level
            99/368 (27%) worst case

Stack used: 5 worst case (2 in main + 3 for interrupts)
Stack size: 8

Lines Stmts  %   Files
----- ----- ---  -----
   70    30 100  main.c
  671     0   0  16f877a.h
----- -----
  741    30 Total

Page ROM  %  RAM   Vol Diff  Functions:
---- --- --- ---   --- ----  ----------
0     22   6    1             @delay_ms1
0     30   9    1             @PUTCHAR_BIU_1
 Inline         1             @GETCH_2_
0      9   3    0    66  2.3  clearBuffer
0      9   3    0             @MEMSET
0    135  39    4   532  4.2  MAIN
0     10   3    0    21  0.9  isrRda
0     79  23    2   297  5.5  isrExt
 Inline         0             @cinit1

Program metrics:
    Functions               4
    Statements              30
    Comments                120
    Volume (V)              1195
    Difficulty (D)          12.7
    Effort to implement (E) 15135
    Time to implement (T)   14 minutes
    Est Delivered Bugs (B)  0
    Cyclomatic Complexity   4
    Maintainability (MI)    149

 Segment     Used  Free
-----------  ----  ----
00000-00003     4  0  
00004-00037    52  0  
00038-007FF   294  1698  
00800-00FFF     0  2048  
01000-017FF     0  2048  
01800-01FFF     0  2048  



